C51 COMPILER V9.01   MAIN                                                                  03/04/2020 12:27:43 PAGE 1   


C51 COMPILER V9.01, COMPILATION OF MODULE MAIN
OBJECT MODULE PLACED IN main.OBJ
COMPILER INVOKED BY: C:\Keil\C51\BIN\C51.EXE main.c BROWSE DEBUG OBJECTEXTEND

line level    source

*** WARNING C500 IN LINE 1 OF MAIN.C: LICENSE ERROR (R230: CONNECT TO UVISION KERNEL FAILED)

   1          #include "stc.h"
   2          #include "hjc52.h"
   3          #include "delay.h"
   4          void main()
   5          {
   6   1         hjc52_init();//HL-1/HJ-3G/HJ-C52主板初始化函数
   7   1            P1=0xff;
   8   1            while(1)
   9   1                      {
  10   2                  L0=K1;
  11   2              L1=K2;
  12   2                  L2=K3;
  13   2              L3=K4;
  14   2                      }   
  15   1      
  16   1      }
  17          
  18          


MODULE INFORMATION:   STATIC OVERLAYABLE
   CODE SIZE        =     24    ----
   CONSTANT SIZE    =   ----    ----
   XDATA SIZE       =   ----    ----
   PDATA SIZE       =   ----    ----
   DATA SIZE        =   ----    ----
   IDATA SIZE       =   ----    ----
   BIT SIZE         =   ----    ----
END OF MODULE INFORMATION.


C51 COMPILATION COMPLETE.  1 WARNING(S),  0 ERROR(S)
